PLINK v1.90b6.21 64-bit (19 Oct 2020)
Options in effect:
  --make-bed
  --out ALL.2of4intersection.20100804.genotypes
  --vcf /media/naeem/New Volume2/ALL.2of4intersection.20100804.genotypes.vcf.gz

Hostname: naeem-VivoBook-ASUSLaptop-X530FN-S530FN
Working directory: /media/naeem/New Volume/study/4-1/Thesis/project/from documents folder/2_Population_stratification
Start time: Mon Jun 13 13:49:03 2022

Random number seed: 1655106543
7801 MB RAM detected; reserving 3900 MB for main workspace.
--vcf: ALL.2of4intersection.20100804.genotypes-temporary.bed +
ALL.2of4intersection.20100804.genotypes-temporary.bim +
ALL.2of4intersection.20100804.genotypes-temporary.fam written.
25488488 variants loaded from .bim file.
629 people (0 males, 0 females, 629 ambiguous) loaded from .fam.
Ambiguous sex IDs written to ALL.2of4intersection.20100804.genotypes.nosex .
Using 1 thread (no multithreaded calculations invoked).
Before main variant filters, 629 founders and 0 nonfounders present.
Calculating allele frequencies... done.
Total genotyping rate is 0.615305.
25488488 variants and 629 people pass filters and QC.
Note: No phenotypes present.
--make-bed to ALL.2of4intersection.20100804.genotypes.bed +
ALL.2of4intersection.20100804.genotypes.bim +
ALL.2of4intersection.20100804.genotypes.fam ... done.

End time: Mon Jun 13 14:23:56 2022
