PLINK v1.90b6.21 64-bit (19 Oct 2020)
Options in effect:
  --bfile HapMap_3_r3_3
  --geno 0.0
  --make-bed
  --out HapMap_3_r3_4

Hostname: naeem-VivoBook-ASUSLaptop-X530FN-S530FN
Working directory: /media/naeem/New Volume/study/4-1/Thesis/project/from documents folder/1_QC_GWAS
Start time: Sat Jun 11 07:38:14 2022

Random number seed: 1654911494
7801 MB RAM detected; reserving 3900 MB for main workspace.
2132434 variants loaded from .bim file.
849 people (500 males, 349 females) loaded from .fam.
836 phenotype values loaded from .fam.
Using 1 thread (no multithreaded calculations invoked).
Before main variant filters, 849 founders and 0 nonfounders present.
Calculating allele frequencies... done.
Total genotyping rate is 0.993875.
1628704 variants removed due to missing genotype data (--geno).
503730 variants and 849 people pass filters and QC.
Phenotype data is quantitative.
--make-bed to HapMap_3_r3_4.bed + HapMap_3_r3_4.bim + HapMap_3_r3_4.fam ...
done.

End time: Sat Jun 11 07:38:16 2022
