PLINK v1.90b6.21 64-bit (19 Oct 2020)
Options in effect:
  --bfile HapMap_3_r3_7
  --maf 0.05
  --make-bed
  --out HapMap_3_r3_8

Hostname: naeem-VivoBook-ASUSLaptop-X530FN-S530FN
Working directory: /media/naeem/New Volume/study/4-1/Thesis/project/from documents folder/1_QC_GWAS
Start time: Sat Jun 11 07:38:21 2022

Random number seed: 1654911501
7801 MB RAM detected; reserving 3900 MB for main workspace.
503730 variants loaded from .bim file.
849 people (500 males, 349 females) loaded from .fam.
836 phenotype values loaded from .fam.
Using 1 thread (no multithreaded calculations invoked).
Before main variant filters, 849 founders and 0 nonfounders present.
Calculating allele frequencies... done.
2463 variants removed due to minor allele threshold(s)
(--maf/--max-maf/--mac/--max-mac).
501267 variants and 849 people pass filters and QC.
Phenotype data is quantitative.
--make-bed to HapMap_3_r3_8.bed + HapMap_3_r3_8.bim + HapMap_3_r3_8.fam ...
done.

End time: Sat Jun 11 07:38:22 2022
