PLINK v1.90b6.21 64-bit (19 Oct 2020)
Options in effect:
  --bfile HapMap_3_r3_10
  --extract indepSNP.prune.in
  --genome
  --min 0.2
  --out pihat_min0.2

Hostname: naeem-VivoBook-ASUSLaptop-X530FN-S530FN
Working directory: /media/naeem/New Volume/study/4-1/Thesis/project/from documents folder/1_QC_GWAS
Start time: Sat Jun 11 07:38:27 2022

Random number seed: 1654911507
7801 MB RAM detected; reserving 3900 MB for main workspace.
501265 variants loaded from .bim file.
849 people (500 males, 349 females) loaded from .fam.
836 phenotype values loaded from .fam.
--extract: 86337 variants remaining.
Warning: At least 3 duplicate IDs in --extract file.
Using up to 8 threads (change this with --threads).
Before main variant filters, 849 founders and 0 nonfounders present.
Calculating allele frequencies... done.
86337 variants and 849 people pass filters and QC.
Phenotype data is quantitative.
IBD calculations complete.
Finished writing pihat_min0.2.genome .

End time: Sat Jun 11 07:38:31 2022
